2021-07-16 10:54:19.543  INFO 20183 --- [main] b.s.s.demo.UrlShortenerApplication       : Starting UrlShortenerApplication using Java 16.0.1 on ymusienkopclin with PID 20183 (/home/yuriymusienko/IdeaProjects/url-shortener-u/target/classes started by yuriymusienko in /home/yuriymusienko/IdeaProjects/url-shortener-u)
2021-07-16 10:54:19.544 DEBUG 20183 --- [main] b.s.s.demo.UrlShortenerApplication       : Running with Spring Boot v2.5.2, Spring v5.3.8
2021-07-16 10:54:19.545  INFO 20183 --- [main] b.s.s.demo.UrlShortenerApplication       : No active profile set, falling back to default profiles: default
2021-07-16 10:54:19.954  INFO 20183 --- [main] .s.d.r.c.RepositoryConfigurationDelegate : Bootstrapping Spring Data JPA repositories in DEFAULT mode.
2021-07-16 10:54:19.978  INFO 20183 --- [main] .s.d.r.c.RepositoryConfigurationDelegate : Finished Spring Data repository scanning in 19 ms. Found 1 JPA repository interfaces.
2021-07-16 10:54:20.228  INFO 20183 --- [main] o.s.b.w.embedded.tomcat.TomcatWebServer  : Tomcat initialized with port(s): 8081 (http)
2021-07-16 10:54:20.232  INFO 20183 --- [main] o.apache.catalina.core.StandardService   : Starting service [Tomcat]
2021-07-16 10:54:20.233  INFO 20183 --- [main] org.apache.catalina.core.StandardEngine  : Starting Servlet engine: [Apache Tomcat/9.0.48]
2021-07-16 10:54:20.281  INFO 20183 --- [main] o.a.c.c.C.[Tomcat].[localhost].[/]       : Initializing Spring embedded WebApplicationContext
2021-07-16 10:54:20.282  INFO 20183 --- [main] w.s.c.ServletWebServerApplicationContext : Root WebApplicationContext: initialization completed in 712 ms
2021-07-16 10:54:20.340  INFO 20183 --- [main] o.hibernate.jpa.internal.util.LogHelper  : HHH000204: Processing PersistenceUnitInfo [name: default]
2021-07-16 10:54:20.357  INFO 20183 --- [main] org.hibernate.Version                    : HHH000412: Hibernate ORM core version 5.4.32.Final
2021-07-16 10:54:20.402  INFO 20183 --- [main] o.hibernate.annotations.common.Version   : HCANN000001: Hibernate Commons Annotations {5.1.2.Final}
2021-07-16 10:54:20.440  INFO 20183 --- [main] com.zaxxer.hikari.HikariDataSource       : HikariPool-1 - Starting...
2021-07-16 10:54:20.595  INFO 20183 --- [main] com.zaxxer.hikari.HikariDataSource       : HikariPool-1 - Start completed.
2021-07-16 10:54:20.603  INFO 20183 --- [main] org.hibernate.dialect.Dialect            : HHH000400: Using dialect: org.hibernate.dialect.PostgreSQL10Dialect
2021-07-16 10:54:20.848  INFO 20183 --- [main] o.h.e.t.j.p.i.JtaPlatformInitiator       : HHH000490: Using JtaPlatform implementation: [org.hibernate.engine.transaction.jta.platform.internal.NoJtaPlatform]
2021-07-16 10:54:20.852  INFO 20183 --- [main] j.LocalContainerEntityManagerFactoryBean : Initialized JPA EntityManagerFactory for persistence unit 'default'
2021-07-16 10:54:20.996 DEBUG 20183 --- [main] b.s.shortener.demo.service.UrlService    : UrlRepository org.springframework.data.jpa.repository.support.SimpleJpaRepository@924f3f1
2021-07-16 10:54:21.200  INFO 20183 --- [main] o.s.b.w.embedded.tomcat.TomcatWebServer  : Tomcat started on port(s): 8081 (http) with context path ''
2021-07-16 10:54:21.207  INFO 20183 --- [main] b.s.s.demo.UrlShortenerApplication       : Started UrlShortenerApplication in 1.948 seconds (JVM running for 2.411)
2021-07-16 10:54:27.512  INFO 20183 --- [SpringApplicationShutdownHook] j.LocalContainerEntityManagerFactoryBean : Closing JPA EntityManagerFactory for persistence unit 'default'
2021-07-16 10:54:27.514  INFO 20183 --- [SpringApplicationShutdownHook] com.zaxxer.hikari.HikariDataSource       : HikariPool-1 - Shutdown initiated...
2021-07-16 10:54:27.519  INFO 20183 --- [SpringApplicationShutdownHook] com.zaxxer.hikari.HikariDataSource       : HikariPool-1 - Shutdown completed.
